16:25:04 (22126) DEBUG ConfigReader Loading config from stryker.conf.json
16:25:04 (22126) DEBUG ConfigReader Loaded config: {
  "checkers": [
    "typescript"
  ],
  "tsconfigFile": "tsconfig.json",
  "typescriptChecker": {
    "prioritizePerformanceOverAccuracy": true
  },
  "dryRunTimeoutMinutes": 20,
  "fileLogLevel": "trace",
  "logLevel": "debug",
  "allowConsoleColors": true,
  "checkerNodeArgs": [],
  "commandRunner": {
    "command": "npm test"
  },
  "coverageAnalysis": "perTest",
  "clearTextReporter": {
    "allowColor": true,
    "allowEmojis": false,
    "logTests": true,
    "maxTestsToLog": 3
  },
  "dashboard": {
    "baseUrl": "https://dashboard.stryker-mutator.io/api/reports",
    "reportType": "full"
  },
  "dryRunOnly": false,
  "eventReporter": {
    "baseDir": "reports/mutation/events"
  },
  "ignorePatterns": [],
  "ignoreStatic": false,
  "incremental": false,
  "incrementalFile": "reports/stryker-incremental.json",
  "force": false,
  "inPlace": false,
  "maxConcurrentTestRunners": 9007199254740991,
  "maxTestRunnerReuse": 0,
  "mutate": [
    "{src,lib}/**/!(*.+(s|S)pec|*.+(t|T)est).+(cjs|mjs|js|ts|jsx|tsx|html|vue)",
    "!{src,lib}/**/__tests__/**/*.+(cjs|mjs|js|ts|jsx|tsx|html|vue)"
  ],
  "mutator": {
    "plugins": null,
    "excludedMutations": []
  },
  "plugins": [
    "@stryker-mutator/*"
  ],
  "appendPlugins": [],
  "reporters": [
    "clear-text",
    "progress",
    "html"
  ],
  "htmlReporter": {
    "fileName": "reports/mutation/mutation.html"
  },
  "jsonReporter": {
    "fileName": "reports/mutation/mutation.json"
  },
  "disableTypeChecks": "{test,src,lib}/**/*.{js,ts,jsx,tsx,html,vue}",
  "symlinkNodeModules": true,
  "tempDirName": ".stryker-tmp",
  "cleanTempDir": true,
  "testRunner": "command",
  "testRunnerNodeArgs": [],
  "thresholds": {
    "high": 80,
    "low": 60,
    "break": null
  },
  "timeoutFactor": 1.5,
  "timeoutMS": 5000,
  "warnings": true,
  "disableBail": false
}
16:25:04 (22126) DEBUG PluginLoader Loading @stryker-mutator/* from /Users/nikolajpetrov/Documents/otus/otus_part2/otus_homework_part2/node_modules/@stryker-mutator
16:25:04 (22126) DEBUG PluginLoader Loading plugin "@stryker-mutator/jest-runner" (matched with expression @stryker-mutator/*)
16:25:04 (22126) DEBUG PluginLoader Loading plugin "@stryker-mutator/typescript-checker" (matched with expression @stryker-mutator/*)
16:25:04 (22126) DEBUG PluginLoader Loading plugin @stryker-mutator/jest-runner
16:25:04 (22126) DEBUG PluginLoader Loading plugin @stryker-mutator/typescript-checker
16:25:04 (22126) DEBUG PluginLoader Loading plugin file:///Users/nikolajpetrov/Documents/otus/otus_part2/otus_homework_part2/node_modules/@stryker-mutator/core/dist/src/reporters/index.js
16:25:05 (22126) DEBUG MetaSchemaBuilder Contributing 2 schemas from plugins to options validation.
16:25:05 (22126) INFO ProjectReader Found 31 of 107 file(s) to be mutated.
16:25:05 (22126) DEBUG ProjectReader All input files: [
  "/Users/nikolajpetrov/Documents/otus/otus_part2/otus_homework_part2/.DS_Store",
  "/Users/nikolajpetrov/Documents/otus/otus_part2/otus_homework_part2/.gitignore",
  "/Users/nikolajpetrov/Documents/otus/otus_part2/otus_homework_part2/.idea/.gitignore",
  "/Users/nikolajpetrov/Documents/otus/otus_part2/otus_homework_part2/.idea/inspectionProfiles/Project_Default.xml",
  "/Users/nikolajpetrov/Documents/otus/otus_part2/otus_homework_part2/.idea/inspectionProfiles/profiles_settings.xml",
  "/Users/nikolajpetrov/Documents/otus/otus_part2/otus_homework_part2/.idea/modules.xml",
  "/Users/nikolajpetrov/Documents/otus/otus_part2/otus_homework_part2/.idea/otus_homework_part2.iml",
  "/Users/nikolajpetrov/Documents/otus/otus_part2/otus_homework_part2/.idea/vcs.xml",
  "/Users/nikolajpetrov/Documents/otus/otus_part2/otus_homework_part2/.idea/workspace.xml",
  "/Users/nikolajpetrov/Documents/otus/otus_part2/otus_homework_part2/.loki/.gitignore",
  "/Users/nikolajpetrov/Documents/otus/otus_part2/otus_homework_part2/.loki/reference/chrome_iphone7_Example_Cell_Dead.png",
  "/Users/nikolajpetrov/Documents/otus/otus_part2/otus_homework_part2/.loki/reference/chrome_iphone7_Example_Cell_Live.png",
  "/Users/nikolajpetrov/Documents/otus/otus_part2/otus_homework_part2/.loki/reference/chrome_iphone7_Example_ControlForm_Default.png",
  "/Users/nikolajpetrov/Documents/otus/otus_part2/otus_homework_part2/.loki/reference/chrome_iphone7_Example_Field_Default.png",
  "/Users/nikolajpetrov/Documents/otus/otus_part2/otus_homework_part2/.loki/reference/chrome_iphone7_Example_Greetings_Mike.png",
  "/Users/nikolajpetrov/Documents/otus/otus_part2/otus_homework_part2/.loki/reference/chrome_iphone7_Example_Register_Default.png",
  "/Users/nikolajpetrov/Documents/otus/otus_part2/otus_homework_part2/.loki/reference/chrome_iphone7_Example_StatusPanel_Off.png",
  "/Users/nikolajpetrov/Documents/otus/otus_part2/otus_homework_part2/.loki/reference/chrome_iphone7_Example_StatusPanel_On.png",
  "/Users/nikolajpetrov/Documents/otus/otus_part2/otus_homework_part2/.loki/reference/chrome_laptop_Example_Cell_Dead.png",
  "/Users/nikolajpetrov/Documents/otus/otus_part2/otus_homework_part2/.loki/reference/chrome_laptop_Example_Cell_Live.png",
  "/Users/nikolajpetrov/Documents/otus/otus_part2/otus_homework_part2/.loki/reference/chrome_laptop_Example_ControlForm_Default.png",
  "/Users/nikolajpetrov/Documents/otus/otus_part2/otus_homework_part2/.loki/reference/chrome_laptop_Example_Field_Default.png",
  "/Users/nikolajpetrov/Documents/otus/otus_part2/otus_homework_part2/.loki/reference/chrome_laptop_Example_Greetings_Mike.png",
  "/Users/nikolajpetrov/Documents/otus/otus_part2/otus_homework_part2/.loki/reference/chrome_laptop_Example_Register_Default.png",
  "/Users/nikolajpetrov/Documents/otus/otus_part2/otus_homework_part2/.loki/reference/chrome_laptop_Example_StatusPanel_Off.png",
  "/Users/nikolajpetrov/Documents/otus/otus_part2/otus_homework_part2/.loki/reference/chrome_laptop_Example_StatusPanel_On.png",
  "/Users/nikolajpetrov/Documents/otus/otus_part2/otus_homework_part2/.npmrc",
  "/Users/nikolajpetrov/Documents/otus/otus_part2/otus_homework_part2/.storybook/main.js",
  "/Users/nikolajpetrov/Documents/otus/otus_part2/otus_homework_part2/.storybook/preview.js",
  "/Users/nikolajpetrov/Documents/otus/otus_part2/otus_homework_part2/README.md",
  "/Users/nikolajpetrov/Documents/otus/otus_part2/otus_homework_part2/README.old.md",
  "/Users/nikolajpetrov/Documents/otus/otus_part2/otus_homework_part2/package-lock.json",
  "/Users/nikolajpetrov/Documents/otus/otus_part2/otus_homework_part2/package.json",
  "/Users/nikolajpetrov/Documents/otus/otus_part2/otus_homework_part2/public/favicon.ico",
  "/Users/nikolajpetrov/Documents/otus/otus_part2/otus_homework_part2/public/index.html",
  "/Users/nikolajpetrov/Documents/otus/otus_part2/otus_homework_part2/public/logo192.png",
  "/Users/nikolajpetrov/Documents/otus/otus_part2/otus_homework_part2/public/logo512.png",
  "/Users/nikolajpetrov/Documents/otus/otus_part2/otus_homework_part2/public/manifest.json",
  "/Users/nikolajpetrov/Documents/otus/otus_part2/otus_homework_part2/public/robots.txt",
  "/Users/nikolajpetrov/Documents/otus/otus_part2/otus_homework_part2/src/.DS_Store",
  "/Users/nikolajpetrov/Documents/otus/otus_part2/otus_homework_part2/src/App.module.scss",
  "/Users/nikolajpetrov/Documents/otus/otus_part2/otus_homework_part2/src/App.tsx",
  "/Users/nikolajpetrov/Documents/otus/otus_part2/otus_homework_part2/src/Globals.d.ts",
  "/Users/nikolajpetrov/Documents/otus/otus_part2/otus_homework_part2/src/components/.DS_Store",
  "/Users/nikolajpetrov/Documents/otus/otus_part2/otus_homework_part2/src/components/Cell/Cell.module.scss",
  "/Users/nikolajpetrov/Documents/otus/otus_part2/otus_homework_part2/src/components/Cell/Cell.tsx",
  "/Users/nikolajpetrov/Documents/otus/otus_part2/otus_homework_part2/src/components/ControlForm/ControlForm.module.scss",
  "/Users/nikolajpetrov/Documents/otus/otus_part2/otus_homework_part2/src/components/ControlForm/ControlForm.tsx",
  "/Users/nikolajpetrov/Documents/otus/otus_part2/otus_homework_part2/src/components/Field/Field.module.scss",
  "/Users/nikolajpetrov/Documents/otus/otus_part2/otus_homework_part2/src/components/Field/Field.tsx",
  "/Users/nikolajpetrov/Documents/otus/otus_part2/otus_homework_part2/src/components/Greetings/Greetings.module.scss",
  "/Users/nikolajpetrov/Documents/otus/otus_part2/otus_homework_part2/src/components/Greetings/Greetings.tsx",
  "/Users/nikolajpetrov/Documents/otus/otus_part2/otus_homework_part2/src/components/Register/Register.module.scss",
  "/Users/nikolajpetrov/Documents/otus/otus_part2/otus_homework_part2/src/components/Register/Register.tsx",
  "/Users/nikolajpetrov/Documents/otus/otus_part2/otus_homework_part2/src/components/StatusModal/StatusModal.module.scss",
  "/Users/nikolajpetrov/Documents/otus/otus_part2/otus_homework_part2/src/components/StatusModal/StatusModal.tsx",
  "/Users/nikolajpetrov/Documents/otus/otus_part2/otus_homework_part2/src/components/StatusPanel/StatusPanel.module.scss",
  "/Users/nikolajpetrov/Documents/otus/otus_part2/otus_homework_part2/src/components/StatusPanel/StatusPanel.tsx",
  "/Users/nikolajpetrov/Documents/otus/otus_part2/otus_homework_part2/src/components/UserProvider/UserProvider.tsx",
  "/Users/nikolajpetrov/Documents/otus/otus_part2/otus_homework_part2/src/homework/lesson_20/immutability.test.ts",
  "/Users/nikolajpetrov/Documents/otus/otus_part2/otus_homework_part2/src/homework/lesson_20/immutability.ts",
  "/Users/nikolajpetrov/Documents/otus/otus_part2/otus_homework_part2/src/homework/lesson_20/pureFunctions.test.ts",
  "/Users/nikolajpetrov/Documents/otus/otus_part2/otus_homework_part2/src/homework/lesson_20/pureFunctions.ts",
  "/Users/nikolajpetrov/Documents/otus/otus_part2/otus_homework_part2/src/hooks/useStatusModalHook.js",
  "/Users/nikolajpetrov/Documents/otus/otus_part2/otus_homework_part2/src/hooks/useUserContext.ts",
  "/Users/nikolajpetrov/Documents/otus/otus_part2/otus_homework_part2/src/index.css",
  "/Users/nikolajpetrov/Documents/otus/otus_part2/otus_homework_part2/src/index.tsx",
  "/Users/nikolajpetrov/Documents/otus/otus_part2/otus_homework_part2/src/react-app-env.d.ts",
  "/Users/nikolajpetrov/Documents/otus/otus_part2/otus_homework_part2/src/redux/actions.ts",
  "/Users/nikolajpetrov/Documents/otus/otus_part2/otus_homework_part2/src/redux/middleware/localstorage.tsx",
  "/Users/nikolajpetrov/Documents/otus/otus_part2/otus_homework_part2/src/redux/reducers.ts",
  "/Users/nikolajpetrov/Documents/otus/otus_part2/otus_homework_part2/src/redux/saga.ts",
  "/Users/nikolajpetrov/Documents/otus/otus_part2/otus_homework_part2/src/redux/store.ts",
  "/Users/nikolajpetrov/Documents/otus/otus_part2/otus_homework_part2/src/reportWebVitals.ts",
  "/Users/nikolajpetrov/Documents/otus/otus_part2/otus_homework_part2/src/setupTests.ts",
  "/Users/nikolajpetrov/Documents/otus/otus_part2/otus_homework_part2/src/static/.DS_Store",
  "/Users/nikolajpetrov/Documents/otus/otus_part2/otus_homework_part2/src/static/image/background.jpeg",
  "/Users/nikolajpetrov/Documents/otus/otus_part2/otus_homework_part2/src/stories/.DS_Store",
  "/Users/nikolajpetrov/Documents/otus/otus_part2/otus_homework_part2/src/stories/Cell.stories.tsx",
  "/Users/nikolajpetrov/Documents/otus/otus_part2/otus_homework_part2/src/stories/ControlForm.stories.tsx",
  "/Users/nikolajpetrov/Documents/otus/otus_part2/otus_homework_part2/src/stories/Field.stories.tsx",
  "/Users/nikolajpetrov/Documents/otus/otus_part2/otus_homework_part2/src/stories/Greetings.stories.tsx",
  "/Users/nikolajpetrov/Documents/otus/otus_part2/otus_homework_part2/src/stories/Introduction.stories.mdx",
  "/Users/nikolajpetrov/Documents/otus/otus_part2/otus_homework_part2/src/stories/Register.stories.tsx",
  "/Users/nikolajpetrov/Documents/otus/otus_part2/otus_homework_part2/src/stories/StatusModal.stories.tsx",
  "/Users/nikolajpetrov/Documents/otus/otus_part2/otus_homework_part2/src/stories/StatusPanel.stories.tsx",
  "/Users/nikolajpetrov/Documents/otus/otus_part2/otus_homework_part2/src/stories/assets/code-brackets.svg",
  "/Users/nikolajpetrov/Documents/otus/otus_part2/otus_homework_part2/src/stories/assets/colors.svg",
  "/Users/nikolajpetrov/Documents/otus/otus_part2/otus_homework_part2/src/stories/assets/comments.svg",
  "/Users/nikolajpetrov/Documents/otus/otus_part2/otus_homework_part2/src/stories/assets/direction.svg",
  "/Users/nikolajpetrov/Documents/otus/otus_part2/otus_homework_part2/src/stories/assets/flow.svg",
  "/Users/nikolajpetrov/Documents/otus/otus_part2/otus_homework_part2/src/stories/assets/plugin.svg",
  "/Users/nikolajpetrov/Documents/otus/otus_part2/otus_homework_part2/src/stories/assets/repo.svg",
  "/Users/nikolajpetrov/Documents/otus/otus_part2/otus_homework_part2/src/stories/assets/stackalt.svg",
  "/Users/nikolajpetrov/Documents/otus/otus_part2/otus_homework_part2/src/tests/.DS_Store",
  "/Users/nikolajpetrov/Documents/otus/otus_part2/otus_homework_part2/src/tests/Cell/Cell.test.tsx",
  "/Users/nikolajpetrov/Documents/otus/otus_part2/otus_homework_part2/src/tests/ControlForm/ControlForm.test.tsx",
  "/Users/nikolajpetrov/Documents/otus/otus_part2/otus_homework_part2/src/tests/Field/Field.test.tsx",
  "/Users/nikolajpetrov/Documents/otus/otus_part2/otus_homework_part2/src/tests/Greetings/Greetings.test.tsx",
  "/Users/nikolajpetrov/Documents/otus/otus_part2/otus_homework_part2/src/tests/Register/Register.test.tsx",
  "/Users/nikolajpetrov/Documents/otus/otus_part2/otus_homework_part2/src/tests/StatusModal/StatusModal.test.tsx",
  "/Users/nikolajpetrov/Documents/otus/otus_part2/otus_homework_part2/src/tests/StatusPanel/StatusPanel.test.tsx",
  "/Users/nikolajpetrov/Documents/otus/otus_part2/otus_homework_part2/src/tests/redux/actions.test.tsx",
  "/Users/nikolajpetrov/Documents/otus/otus_part2/otus_homework_part2/src/utils/utils.ts",
  "/Users/nikolajpetrov/Documents/otus/otus_part2/otus_homework_part2/stryker.conf.json",
  "/Users/nikolajpetrov/Documents/otus/otus_part2/otus_homework_part2/tsconfig.json",
  "/Users/nikolajpetrov/Documents/otus/otus_part2/otus_homework_part2/yarn.lock"
]
16:25:05 (22126) DEBUG ProjectReader Files to mutate: [
  "/Users/nikolajpetrov/Documents/otus/otus_part2/otus_homework_part2/src/App.tsx",
  "/Users/nikolajpetrov/Documents/otus/otus_part2/otus_homework_part2/src/Globals.d.ts",
  "/Users/nikolajpetrov/Documents/otus/otus_part2/otus_homework_part2/src/components/Cell/Cell.tsx",
  "/Users/nikolajpetrov/Documents/otus/otus_part2/otus_homework_part2/src/components/ControlForm/ControlForm.tsx",
  "/Users/nikolajpetrov/Documents/otus/otus_part2/otus_homework_part2/src/components/Field/Field.tsx",
  "/Users/nikolajpetrov/Documents/otus/otus_part2/otus_homework_part2/src/components/Greetings/Greetings.tsx",
  "/Users/nikolajpetrov/Documents/otus/otus_part2/otus_homework_part2/src/components/Register/Register.tsx",
  "/Users/nikolajpetrov/Documents/otus/otus_part2/otus_homework_part2/src/components/StatusModal/StatusModal.tsx",
  "/Users/nikolajpetrov/Documents/otus/otus_part2/otus_homework_part2/src/components/StatusPanel/StatusPanel.tsx",
  "/Users/nikolajpetrov/Documents/otus/otus_part2/otus_homework_part2/src/components/UserProvider/UserProvider.tsx",
  "/Users/nikolajpetrov/Documents/otus/otus_part2/otus_homework_part2/src/homework/lesson_20/immutability.ts",
  "/Users/nikolajpetrov/Documents/otus/otus_part2/otus_homework_part2/src/homework/lesson_20/pureFunctions.ts",
  "/Users/nikolajpetrov/Documents/otus/otus_part2/otus_homework_part2/src/hooks/useStatusModalHook.js",
  "/Users/nikolajpetrov/Documents/otus/otus_part2/otus_homework_part2/src/hooks/useUserContext.ts",
  "/Users/nikolajpetrov/Documents/otus/otus_part2/otus_homework_part2/src/index.tsx",
  "/Users/nikolajpetrov/Documents/otus/otus_part2/otus_homework_part2/src/react-app-env.d.ts",
  "/Users/nikolajpetrov/Documents/otus/otus_part2/otus_homework_part2/src/redux/actions.ts",
  "/Users/nikolajpetrov/Documents/otus/otus_part2/otus_homework_part2/src/redux/middleware/localstorage.tsx",
  "/Users/nikolajpetrov/Documents/otus/otus_part2/otus_homework_part2/src/redux/reducers.ts",
  "/Users/nikolajpetrov/Documents/otus/otus_part2/otus_homework_part2/src/redux/saga.ts",
  "/Users/nikolajpetrov/Documents/otus/otus_part2/otus_homework_part2/src/redux/store.ts",
  "/Users/nikolajpetrov/Documents/otus/otus_part2/otus_homework_part2/src/reportWebVitals.ts",
  "/Users/nikolajpetrov/Documents/otus/otus_part2/otus_homework_part2/src/setupTests.ts",
  "/Users/nikolajpetrov/Documents/otus/otus_part2/otus_homework_part2/src/stories/Cell.stories.tsx",
  "/Users/nikolajpetrov/Documents/otus/otus_part2/otus_homework_part2/src/stories/ControlForm.stories.tsx",
  "/Users/nikolajpetrov/Documents/otus/otus_part2/otus_homework_part2/src/stories/Field.stories.tsx",
  "/Users/nikolajpetrov/Documents/otus/otus_part2/otus_homework_part2/src/stories/Greetings.stories.tsx",
  "/Users/nikolajpetrov/Documents/otus/otus_part2/otus_homework_part2/src/stories/Register.stories.tsx",
  "/Users/nikolajpetrov/Documents/otus/otus_part2/otus_homework_part2/src/stories/StatusModal.stories.tsx",
  "/Users/nikolajpetrov/Documents/otus/otus_part2/otus_homework_part2/src/stories/StatusPanel.stories.tsx",
  "/Users/nikolajpetrov/Documents/otus/otus_part2/otus_homework_part2/src/utils/utils.ts"
]
16:25:05 (22126) DEBUG TemporaryDirectory Using temp directory "/Users/nikolajpetrov/Documents/otus/otus_part2/otus_homework_part2/.stryker-tmp"
16:25:05 (22126) DEBUG Instrumenter Instrumenting 31 source files with mutants
16:25:05 (22126) DEBUG Instrumenter Instrumented src/App.tsx (8 mutant(s))
16:25:05 (22126) DEBUG Instrumenter Instrumented src/Globals.d.ts (0 mutant(s))
16:25:05 (22126) DEBUG Instrumenter Instrumented src/components/Cell/Cell.tsx (5 mutant(s))
16:25:05 (22126) DEBUG Instrumenter Instrumented src/components/ControlForm/ControlForm.tsx (10 mutant(s))
16:25:05 (22126) DEBUG Instrumenter Instrumented src/components/Field/Field.tsx (342 mutant(s))
16:25:05 (22126) DEBUG Instrumenter Instrumented src/components/Greetings/Greetings.tsx (10 mutant(s))
16:25:05 (22126) DEBUG Instrumenter Instrumented src/components/Register/Register.tsx (43 mutant(s))
16:25:05 (22126) DEBUG Instrumenter Instrumented src/components/StatusModal/StatusModal.tsx (15 mutant(s))
16:25:05 (22126) DEBUG Instrumenter Instrumented src/components/StatusPanel/StatusPanel.tsx (4 mutant(s))
16:25:05 (22126) DEBUG Instrumenter Instrumented src/components/UserProvider/UserProvider.tsx (4 mutant(s))
16:25:05 (22126) DEBUG Instrumenter Instrumented src/homework/lesson_20/immutability.ts (8 mutant(s))
16:25:05 (22126) DEBUG Instrumenter Instrumented src/homework/lesson_20/pureFunctions.ts (15 mutant(s))
16:25:05 (22126) DEBUG Instrumenter Instrumented src/hooks/useStatusModalHook.js (3 mutant(s))
16:25:05 (22126) DEBUG Instrumenter Instrumented src/hooks/useUserContext.ts (1 mutant(s))
16:25:05 (22126) DEBUG Instrumenter Instrumented src/index.tsx (0 mutant(s))
16:25:05 (22126) DEBUG Instrumenter Instrumented src/react-app-env.d.ts (0 mutant(s))
16:25:05 (22126) DEBUG Instrumenter Instrumented src/redux/actions.ts (12 mutant(s))
16:25:05 (22126) DEBUG Instrumenter Instrumented src/redux/middleware/localstorage.tsx (8 mutant(s))
16:25:05 (22126) DEBUG Instrumenter Instrumented src/redux/reducers.ts (13 mutant(s))
16:25:05 (22126) DEBUG Instrumenter Instrumented src/redux/saga.ts (3 mutant(s))
16:25:05 (22126) DEBUG Instrumenter Instrumented src/redux/store.ts (2 mutant(s))
16:25:05 (22126) DEBUG Instrumenter Instrumented src/reportWebVitals.ts (7 mutant(s))
16:25:05 (22126) DEBUG Instrumenter Instrumented src/setupTests.ts (4 mutant(s))
16:25:05 (22126) DEBUG Instrumenter Instrumented src/stories/Cell.stories.tsx (5 mutant(s))
16:25:05 (22126) DEBUG Instrumenter Instrumented src/stories/ControlForm.stories.tsx (2 mutant(s))
16:25:05 (22126) DEBUG Instrumenter Instrumented src/stories/Field.stories.tsx (3 mutant(s))
16:25:05 (22126) DEBUG Instrumenter Instrumented src/stories/Greetings.stories.tsx (3 mutant(s))
16:25:05 (22126) DEBUG Instrumenter Instrumented src/stories/Register.stories.tsx (2 mutant(s))
16:25:05 (22126) DEBUG Instrumenter Instrumented src/stories/StatusModal.stories.tsx (7 mutant(s))
16:25:05 (22126) DEBUG Instrumenter Instrumented src/stories/StatusPanel.stories.tsx (5 mutant(s))
16:25:05 (22126) DEBUG Instrumenter Instrumented src/utils/utils.ts (0 mutant(s))
16:25:05 (22126) INFO Instrumenter Instrumented 31 source file(s) with 544 mutant(s)
16:25:05 (22126) DEBUG TSConfigPreprocessor Rewriting file ProjectFile {
  fs: [FileSystem],
  name: '/Users/nikolajpetrov/Documents/otus/otus_part2/otus_homework_part2/tsconfig.json',
  mutate: false
}
16:25:05 (22126) INFO ConcurrencyTokenProvider Creating 4 checker process(es) and 3 test runner process(es).
16:25:05 (22126) DEBUG ChildProcessProxy Started CheckerWorker in worker process 0 with pid 22129 
16:25:05 (22126) DEBUG ChildProcessProxy Started CheckerWorker in worker process 1 with pid 22130 
16:25:05 (22130) DEBUG PluginLoader Loading plugin @stryker-mutator/jest-runner
16:25:05 (22130) DEBUG PluginLoader Loading plugin @stryker-mutator/typescript-checker
16:25:05 (22130) DEBUG PluginLoader Loading plugin file:///Users/nikolajpetrov/Documents/otus/otus_part2/otus_homework_part2/node_modules/@stryker-mutator/core/dist/src/reporters/index.js
16:25:05 (22129) DEBUG PluginLoader Loading plugin @stryker-mutator/jest-runner
16:25:05 (22129) DEBUG PluginLoader Loading plugin @stryker-mutator/typescript-checker
16:25:05 (22129) DEBUG PluginLoader Loading plugin file:///Users/nikolajpetrov/Documents/otus/otus_part2/otus_homework_part2/node_modules/@stryker-mutator/core/dist/src/reporters/index.js
16:25:08 (22126) DEBUG ChildProcessProxy Started CheckerWorker in worker process 2 with pid 22136 
16:25:08 (22126) DEBUG ChildProcessProxy Started CheckerWorker in worker process 3 with pid 22137 
16:25:08 (22137) DEBUG PluginLoader Loading plugin @stryker-mutator/jest-runner
16:25:08 (22137) DEBUG PluginLoader Loading plugin @stryker-mutator/typescript-checker
16:25:08 (22137) DEBUG PluginLoader Loading plugin file:///Users/nikolajpetrov/Documents/otus/otus_part2/otus_homework_part2/node_modules/@stryker-mutator/core/dist/src/reporters/index.js
16:25:08 (22136) DEBUG PluginLoader Loading plugin @stryker-mutator/jest-runner
16:25:08 (22136) DEBUG PluginLoader Loading plugin @stryker-mutator/typescript-checker
16:25:08 (22136) DEBUG PluginLoader Loading plugin file:///Users/nikolajpetrov/Documents/otus/otus_part2/otus_homework_part2/node_modules/@stryker-mutator/core/dist/src/reporters/index.js
16:25:11 (22126) DEBUG Sandbox Creating a sandbox for files in /Users/nikolajpetrov/Documents/otus/otus_part2/otus_homework_part2/.stryker-tmp/sandbox9143858
16:25:11 (22126) DEBUG Sandbox Start symlink node_modules
16:25:11 (22126) DEBUG Sandbox Create symlink from /Users/nikolajpetrov/Documents/otus/otus_part2/otus_homework_part2/node_modules to /Users/nikolajpetrov/Documents/otus/otus_part2/otus_homework_part2/.stryker-tmp/sandbox9143858/node_modules
16:25:11 (22126) DEBUG BroadcastReporter Broadcasting to reporters ["clear-text","progress","html"]
16:25:11 (22126) INFO DryRunExecutor Starting initial test run (command test runner with "perTest" coverage analysis). This may take a while.
16:25:11 (22126) DEBUG DryRunExecutor Using timeout of 1200000 ms.
16:25:11 (22126) DEBUG TimeoutDecorator Starting timeout timer (1200000 ms) for a test run
16:45:11 (22126) DEBUG TimeoutDecorator Timeout expired, restarting the process and reporting timeout
16:45:11 (22126) ERROR DryRunExecutor Initial test run timed out!
16:45:11 (22126) DEBUG Stryker Not removing the temp dir because an error occurred
16:45:11 (22126) ERROR Stryker Unexpected error occurred while running Stryker Error: Something went wrong in the initial test run
    at DryRunExecutor.validateResultCompleted (file:///Users/nikolajpetrov/Documents/otus/otus_part2/otus_homework_part2/node_modules/@stryker-mutator/core/dist/src/process/3-dry-run-executor.js:67:15)
    at DryRunExecutor.executeDryRun (file:///Users/nikolajpetrov/Documents/otus/otus_part2/otus_homework_part2/node_modules/@stryker-mutator/core/dist/src/process/3-dry-run-executor.js:87:14)
    at async WorkItem.execute (file:///Users/nikolajpetrov/Documents/otus/otus_part2/otus_homework_part2/node_modules/@stryker-mutator/core/dist/src/concurrent/pool.js:30:28)
    at async file:///Users/nikolajpetrov/Documents/otus/otus_part2/otus_homework_part2/node_modules/@stryker-mutator/core/dist/src/concurrent/pool.js:67:13
16:45:11 (22126) INFO Stryker This might be a known problem with a solution documented in our troubleshooting guide.
16:45:11 (22126) INFO Stryker You can find it at https://stryker-mutator.io/docs/stryker-js/troubleshooting/
16:45:11 (22126) DEBUG ChildProcessProxy Disposing of worker process 22129
16:45:11 (22126) DEBUG ChildProcessProxy Disposing of worker process 22130
16:45:11 (22126) DEBUG ChildProcessProxy Disposing of worker process 22136
16:45:11 (22126) DEBUG ChildProcessProxy Disposing of worker process 22137
16:45:11 (22126) DEBUG ChildProcessProxy Kill 22130
16:45:11 (22126) DEBUG ChildProcessProxy Kill 22136
16:45:11 (22126) DEBUG ChildProcessProxy Kill 22137
16:45:11 (22126) DEBUG ChildProcessProxy Kill 22129
